<?xml version="1.0" encoding="UTF-8"?>
<!-- Generated by org.testng.reporters.JUnitXMLReporter -->
<testsuite ignored="0" hostname="Dnyashwar" failures="0" tests="10" name="ChromeTest" time="15.905" errors="0" timestamp="2022-10-10T17:08:30 IST">
  <testcase classname="Com.SauceDemeoProject_TESTCLASS.TC06_verifyFiltertestclass" name="Filter" time="2.283"/>
  <testcase classname="Com.SauceDemeoProject_TESTCLASS.TC03VerifyAddtoCartAllProductFunctionalityTestclass" name="VerifyAddtoCartAllProductFunctionality" time="0.642"/>
  <testcase classname="Com.SauceDemeoProject_TESTCLASS.TC02Verify_LogoutFunctionalityTestclass" name="Verify_LogoutFunctionality" time="1.117"/>
  <testcase classname="Com.SauceDemeoProject_TESTCLASS.TC04verifyBagProductFunctionalityTestclass" name="verifyBagProductFunctionality" time="0.698"/>
  <testcase classname="Com.SauceDemeoProject_TESTCLASS.TC01Verify_LoginFunctionalityTestclass" name="verifyLoginfunctionality" time="0.007"/>
  <testcase classname="Com.SauceDemeoProject_TESTCLASS.TESTclass" name="verifylogin" time="0.031"/>
  <testcase classname="Com.SauceDemeoProject_TESTCLASS.TESTclass" name="verifyaddtocartallproduct" time="0.482"/>
  <testcase classname="Com.SauceDemeoProject_TESTCLASS.TESTclass" name="verifylogout" time="0.396"/>
  <testcase classname="Com.SauceDemeoProject_TESTCLASS.TESTclass" name="verifybagproduct" time="0.249"/>
  <testcase classname="Com.SauceDemeoProject_TESTCLASS.TESTclass" name="verifybuyproduct" time="0.623"/>
</testsuite> <!-- ChromeTest -->
