<?xml version="1.0" encoding="UTF-8"?>
<!-- Generated by org.testng.reporters.JUnitXMLReporter -->
<testsuite ignored="0" hostname="Dnyashwar" failures="0" tests="10" name="FirefoxTest" time="16.784" errors="0" timestamp="2022-10-10T17:39:37 IST">
  <testcase classname="Com.SauceDemeoProject_TESTCLASS.TC06_verifyFiltertestclass" name="Filter" time="3.42"/>
  <testcase classname="Com.SauceDemeoProject_TESTCLASS.TC03VerifyAddtoCartAllProductFunctionalityTestclass" name="VerifyAddtoCartAllProductFunctionality" time="0.804"/>
  <testcase classname="Com.SauceDemeoProject_TESTCLASS.TC02Verify_LogoutFunctionalityTestclass" name="Verify_LogoutFunctionality" time="0.883"/>
  <testcase classname="Com.SauceDemeoProject_TESTCLASS.TC04verifyBagProductFunctionalityTestclass" name="verifyBagProductFunctionality" time="0.588"/>
  <testcase classname="Com.SauceDemeoProject_TESTCLASS.TC01Verify_LoginFunctionalityTestclass" name="verifyLoginfunctionality" time="0.019"/>
  <testcase classname="Com.SauceDemeoProject_TESTCLASS.TESTclass" name="verifylogin" time="0.01"/>
  <testcase classname="Com.SauceDemeoProject_TESTCLASS.TESTclass" name="verifyaddtocartallproduct" time="0.326"/>
  <testcase classname="Com.SauceDemeoProject_TESTCLASS.TESTclass" name="verifylogout" time="0.319"/>
  <testcase classname="Com.SauceDemeoProject_TESTCLASS.TESTclass" name="verifybagproduct" time="0.215"/>
  <testcase classname="Com.SauceDemeoProject_TESTCLASS.TESTclass" name="verifybuyproduct" time="0.59"/>
</testsuite> <!-- FirefoxTest -->
