<?xml version="1.0" encoding="UTF-8"?>
<!-- Generated by org.testng.reporters.JUnitXMLReporter -->
<testsuite ignored="0" hostname="Dnyashwar" failures="0" tests="10" name="Test" time="43.039" errors="0" timestamp="2022-10-10T17:01:33 IST">
  <testcase classname="Com.SauceDemeoProject_TESTCLASS.TC06_verifyFiltertestclass" name="Filter" time="3.351"/>
  <testcase classname="Com.SauceDemeoProject_TESTCLASS.TC02Verify_LogoutFunctionalityTestclass" name="Verify_LogoutFunctionality" time="0.279"/>
  <testcase classname="Com.SauceDemeoProject_TESTCLASS.TC03VerifyAddtoCartAllProductFunctionalityTestclass" name="VerifyAddtoCartAllProductFunctionality" time="2.282"/>
  <testcase classname="Com.SauceDemeoProject_TESTCLASS.TC01Verify_LoginFunctionalityTestclass" name="verifyLoginfunctionality" time="0.014"/>
  <testcase classname="Com.SauceDemeoProject_TESTCLASS.TC04verifyBagProductFunctionalityTestclass" name="verifyBagProductFunctionality" time="0.55"/>
  <testcase classname="Com.SauceDemeoProject_TESTCLASS.TESTclass" name="verifylogin" time="0.008"/>
  <testcase classname="Com.SauceDemeoProject_TESTCLASS.TESTclass" name="verifyaddtocartallproduct" time="1.325"/>
  <testcase classname="Com.SauceDemeoProject_TESTCLASS.TESTclass" name="verifylogout" time="0.478"/>
  <testcase classname="Com.SauceDemeoProject_TESTCLASS.TESTclass" name="verifybagproduct" time="0.511"/>
  <testcase classname="Com.SauceDemeoProject_TESTCLASS.TESTclass" name="verifybuyproduct" time="1.306"/>
</testsuite> <!-- Test -->
